photos/m-059-01 m059
sketches/M2-059-01-sz1 m059
photos/m1-041-01 m1041
sketches/m1-041-01-sz1 m1041
photos/f1-007-01 f1007
sketches/f1-007-01-sz1 f1007
photos/m-023-01 m023
sketches/M2-023-01-sz1 m023
photos/m1-020-01 m1020
sketches/m1-020-01-sz1 m1020
photos/f1-004-01 f1004
sketches/f1-004-01-sz1 f1004
photos/m1-014-01 m1014
sketches/m1-014-01-sz1 m1014
photos/m1-027-01 m1027
sketches/m1-027-01-sz1 m1027
photos/m-021-01 m021
sketches/M2-021-01-sz1 m021
photos/m1-005-01 m1005
sketches/m1-005-01-sz1 m1005
photos/m-040-01 m040
sketches/M2-040-01-sz1 m040
photos/m1-029-01 m1029
sketches/m1-029-01-sz1 m1029
photos/f-032-01 f032
sketches/F2-032-01-sz1 f032
photos/m1-028-01 m1028
sketches/m1-028-01-sz1 m1028
photos/m-080-01 m080
sketches/m-080-01-sz1 m080
photos/m-086-01 m086
sketches/m-086-01-sz1 m086
photos/m1-003-01 m1003
sketches/m1-003-01-sz1 m1003
photos/m1-012-01 m1012
sketches/m1-012-01-sz1 m1012
photos/f1-006-01 f1006
sketches/f1-006-01-sz1 f1006
photos/f-020-01 f020
sketches/F2-020-01-sz1 f020
photos/m-094-01 m094
sketches/m-094-01-sz1 m094
photos/m-098-01 m098
sketches/m-098-01-sz1 m098
photos/m-092-01 m092
sketches/m-092-01-sz1 m092
photos/m-042-01 m042
sketches/M2-042-01-sz1 m042
photos/f-025-01 f025
sketches/F2-025-01-sz1 f025
photos/m-047-01 m047
sketches/M2-047-01-sz1 m047
photos/m-079-01 m079
sketches/m-079-01-sz1 m079
photos/f-024-01 f024
sketches/F2-024-01-sz1 f024
photos/m1-035-01 m1035
sketches/m1-035-01-sz1 m1035
photos/m1-025-01 m1025
sketches/m1-025-01-sz1 m1025
photos/m-060-01 m060
sketches/M2-060-01-sz1 m060
photos/f-016-01 f016
sketches/F2-016-01-sz1 f016
photos/m-019-01 m019
sketches/M2-019-01-sz1 m019
photos/f-014-01 f014
sketches/F2-014-01-sz1 f014
photos/m1-039-01 m1039
sketches/m1-039-01-sz1 m1039
photos/m1-030-01 m1030
sketches/m1-030-01-sz1 m1030
photos/m-038-01 m038
sketches/M2-038-01-sz1 m038
photos/m-083-01 m083
sketches/m-083-01-sz1 m083
photos/m1-036-01 m1036
sketches/m1-036-01-sz1 m1036
photos/m-085-01 m085
sketches/m-085-01-sz1 m085
photos/m-043-01 m043
sketches/M2-043-01-sz1 m043
photos/m-051-01 m051
sketches/M2-051-01-sz1 m051
photos/f-023-01 f023
sketches/F2-023-01-sz1 f023
photos/m1-019-01 m1019
sketches/m1-019-01-sz1 m1019
photos/m-063-01 m063
sketches/m-063-01-sz1 m063
photos/m-100-01 m100
sketches/m-100-01-sz1 m100
photos/f-026-01 f026
sketches/F2-026-01-sz1 f026
photos/m-024-01 m024
sketches/M2-024-01-sz1 m024
photos/m-075-01 m075
sketches/m-075-01-sz1 m075
photos/f1-011-01 f1011
sketches/f1-011-01-sz1 f1011
photos/f1-001-01 f1001
sketches/f1-001-01-sz1 f1001
photos/m-067-01 m067
sketches/m-067-01-sz1 m067
photos/m-061-01 m061
sketches/M2-061-01-sz1 m061
photos/m1-031-01 m1031
sketches/m1-031-01-sz1 m1031
photos/m-049-01 m049
sketches/M2-049-01-sz1 m049
photos/m-011-01 m011
sketches/M2-011-01-sz1 m011
photos/f-008-01 f008
sketches/F2-008-01-sz1 f008
